<?xml version="1.0" encoding="UTF-8"?>
<!-- Generated by org.testng.reporters.JUnitReportReporter -->
<testsuite hostname="LTIN485672" failures="0" tests="6" name="testCases.TC1_CourseraSearchWebDev" time="24.621" errors="0" timestamp="2024-04-10T14:59:31 IST" skipped="0">
  <testcase classname="testCases.TC1_CourseraSearchWebDev" name="searchForCourses" time="6.825"/>
  <testcase classname="testCases.TC1_CourseraSearchWebDev" name="Applyfilters" time="3.621"/>
  <testcase classname="testCases.TC1_CourseraSearchWebDev" name="selectFirstCourse" time="1.262"/>
  <testcase classname="testCases.TC1_CourseraSearchWebDev" name="getFirstCourseData" time="7.192"/>
  <testcase classname="testCases.TC1_CourseraSearchWebDev" name="selectSecondCourse" time="0.232"/>
  <testcase classname="testCases.TC1_CourseraSearchWebDev" name="getSecondCourseData" time="5.489"/>
</testsuite> <!-- testCases.TC1_CourseraSearchWebDev -->
