<?xml version="1.0" encoding="UTF-8"?>
<!-- Generated by org.testng.reporters.JUnitReportReporter -->
<testsuite hostname="LTIN485672" failures="0" tests="2" name="testCases.TC3_enterprises" time="20.389" errors="0" timestamp="2024-04-10T14:59:31 IST" skipped="0">
  <testcase classname="testCases.TC3_enterprises" name="forEnterprise" time="16.217"/>
  <testcase classname="testCases.TC3_enterprises" name="submitForm" time="4.172"/>
</testsuite> <!-- testCases.TC3_enterprises -->
