<?xml version="1.0" encoding="UTF-8"?>
<!-- Generated by org.testng.reporters.JUnitReportReporter -->
<testsuite hostname="LTIN485672" failures="0" tests="2" name="testCases.TC2_Languagelearn" time="12.600" errors="0" timestamp="2024-04-10T14:59:31 IST" skipped="0">
  <testcase classname="testCases.TC2_Languagelearn" name="searchbox" time="6.317"/>
  <testcase classname="testCases.TC2_Languagelearn" name="languagescourses" time="6.283"/>
</testsuite> <!-- testCases.TC2_Languagelearn -->
